SF:lib\database.dart
DA:1,9
DA:2,3
DA:8,3
DA:14,3
DA:22,12
DA:23,4
DA:33,4
DA:43,4
DA:53,4
DA:63,4
DA:73,4
DA:83,4
DA:93,4
DA:103,4
LF:14
LH:14
end_of_record
SF:lib\views\about_screen.dart
DA:5,0
DA:7,1
DA:9,1
DA:10,1
DA:11,1
DA:12,1
DA:14,1
DA:23,1
DA:44,1
LF:9
LH:8
end_of_record
SF:lib\views\common_widgets.dart
DA:5,1
DA:7,1
DA:10,1
DA:11,1
DA:13,1
DA:24,1
DA:25,1
DA:27,1
DA:28,1
DA:29,1
DA:30,0
DA:31,0
DA:33,1
DA:37,1
DA:38,1
DA:39,1
DA:51,1
DA:52,0
DA:55,1
DA:56,0
DA:59,1
DA:60,0
DA:63,1
DA:64,0
DA:67,1
DA:68,0
DA:71,1
DA:73,1
DA:75,1
DA:76,1
DA:87,0
DA:89,1
DA:100,0
DA:102,1
DA:113,0
DA:115,1
DA:126,0
DA:141,10
DA:143,10
DA:145,10
DA:147,10
DA:149,10
DA:163,10
DA:165,10
DA:166,10
DA:168,10
DA:169,0
DA:170,10
DA:173,10
DA:176,20
DA:177,10
DA:187,10
DA:189,10
DA:190,10
DA:193,10
DA:195,0
DA:202,10
DA:205,10
DA:207,0
DA:214,10
DA:217,10
DA:219,0
DA:226,10
DA:229,10
DA:231,1
DA:232,1
DA:238,1
DA:239,1
DA:240,1
DA:242,1
DA:244,1
DA:245,1
DA:247,1
DA:251,1
DA:253,1
DA:255,0
DA:256,0
DA:257,0
DA:260,1
DA:262,0
DA:263,0
DA:264,0
DA:267,1
DA:269,0
DA:270,0
DA:271,0
DA:274,1
DA:276,0
DA:277,0
DA:278,0
DA:281,1
DA:283,0
DA:284,0
DA:285,0
DA:298,1
DA:300,1
DA:301,2
DA:302,1
DA:303,1
DA:321,10
DA:322,30
DA:323,10
DA:324,1
DA:326,10
DA:330,1
DA:331,0
DA:333,1
DA:336,1
DA:338,1
DA:339,1
DA:342,1
DA:366,2
DA:367,1
DA:369,1
DA:380,1
DA:390,1
DA:392,1
DA:393,1
DA:398,1
DA:416,9
DA:417,0
DA:419,9
DA:422,9
DA:423,9
DA:425,9
DA:426,9
DA:445,9
DA:453,9
DA:455,9
DA:457,9
DA:467,9
DA:469,9
DA:478,9
DA:480,9
DA:481,9
DA:486,9
DA:504,10
DA:505,30
DA:506,10
DA:507,1
DA:509,9
DA:518,2
DA:526,3
DA:528,3
DA:529,1
DA:530,6
DA:532,3
DA:534,3
DA:535,3
DA:536,3
DA:537,3
DA:539,1
DA:540,1
DA:541,1
DA:549,3
DA:551,3
DA:553,3
DA:554,3
DA:560,6
DA:561,6
DA:563,12
DA:564,9
DA:566,6
DA:567,3
DA:568,3
DA:569,3
DA:570,3
DA:576,3
DA:577,12
DA:584,3
DA:585,6
LF:171
LH:139
end_of_record
SF:lib\views\collection_screen.dart
DA:11,1
DA:13,1
DA:14,1
DA:22,1
DA:24,1
DA:25,1
DA:27,1
DA:29,3
DA:30,7
DA:33,2
DA:34,2
DA:35,5
DA:36,1
DA:37,2
DA:38,0
DA:39,0
DA:40,0
DA:44,3
DA:45,1
DA:46,1
DA:47,3
DA:48,3
DA:49,1
DA:50,1
DA:51,0
DA:52,0
DA:53,0
DA:54,1
DA:55,2
DA:56,2
DA:57,1
DA:58,0
DA:59,0
DA:60,0
DA:61,0
DA:66,1
DA:67,1
DA:69,1
DA:70,2
DA:73,1
DA:74,1
DA:86,1
DA:87,1
DA:97,1
DA:99,1
DA:100,1
DA:101,1
DA:102,1
DA:104,1
DA:105,5
DA:108,1
DA:109,5
DA:110,1
DA:112,1
DA:113,1
DA:117,1
DA:118,1
DA:120,1
DA:121,1
DA:124,1
DA:126,1
DA:128,1
DA:129,2
DA:130,1
DA:132,1
DA:134,1
DA:138,1
DA:139,1
DA:141,2
DA:142,1
DA:143,1
DA:153,1
DA:155,1
DA:157,1
DA:158,2
DA:159,1
DA:161,1
DA:163,1
DA:167,1
DA:168,1
DA:170,2
DA:171,1
DA:172,1
DA:182,1
DA:184,1
DA:186,1
DA:190,4
DA:193,1
DA:194,1
DA:195,1
DA:196,1
DA:197,1
DA:198,1
DA:199,1
DA:205,1
DA:206,0
DA:207,0
DA:209,1
DA:216,1
LF:99
LH:87
end_of_record
SF:lib\models\cart_model.dart
DA:10,4
DA:18,8
DA:22,4
DA:24,12
DA:28,6
DA:30,4
DA:31,8
DA:32,4
DA:35,1
DA:36,2
DA:37,1
DA:40,3
DA:41,6
DA:42,3
DA:45,2
DA:47,4
DA:48,4
DA:53,6
LF:18
LH:18
end_of_record
SF:lib\views\home_screen.dart
DA:8,0
DA:10,1
DA:12,1
DA:13,1
DA:14,1
DA:15,1
DA:17,1
DA:24,1
DA:26,1
DA:28,1
DA:29,1
DA:39,1
DA:43,4
DA:46,1
DA:47,1
DA:48,2
DA:49,1
DA:50,1
DA:51,1
DA:52,1
DA:53,1
DA:62,1
DA:64,1
DA:66,1
DA:67,1
DA:77,1
DA:81,4
DA:84,1
DA:85,1
DA:86,2
DA:87,1
DA:88,1
DA:89,1
DA:90,1
DA:91,1
DA:100,1
DA:102,1
DA:104,1
DA:105,1
DA:115,1
DA:119,4
DA:122,1
DA:123,1
DA:124,2
DA:125,1
DA:126,1
DA:127,1
DA:128,1
DA:129,1
DA:139,1
DA:148,1
DA:150,1
DA:151,1
DA:159,1
DA:161,1
DA:162,2
DA:163,2
DA:164,0
DA:165,0
DA:166,0
DA:170,1
DA:172,2
DA:173,2
DA:174,1
DA:177,1
DA:179,1
DA:182,1
DA:183,1
DA:184,1
DA:186,1
DA:187,1
DA:188,1
DA:189,1
DA:198,1
DA:199,1
DA:200,1
DA:205,1
DA:209,1
DA:211,1
DA:232,1
DA:233,0
DA:234,1
DA:253,1
DA:254,1
DA:255,1
DA:256,1
DA:265,1
DA:266,1
DA:267,1
DA:272,1
DA:276,1
DA:278,1
DA:299,1
DA:300,0
DA:301,1
DA:320,1
DA:321,1
DA:322,1
DA:323,1
DA:332,1
DA:333,1
DA:334,1
DA:339,1
DA:343,1
DA:345,1
DA:366,1
DA:367,0
DA:368,1
LF:108
LH:101
end_of_record
SF:lib\views\product_screen.dart
DA:10,0
DA:13,1
DA:14,1
DA:19,1
DA:21,3
DA:22,1
DA:23,1
DA:26,1
DA:28,3
DA:29,1
DA:30,1
DA:33,1
DA:34,2
DA:35,5
DA:36,5
DA:37,4
DA:38,2
DA:50,1
DA:52,1
DA:53,1
DA:54,1
DA:56,1
DA:58,1
DA:59,1
DA:60,5
DA:61,5
DA:62,1
DA:64,1
DA:66,1
DA:67,1
DA:70,1
DA:71,1
DA:72,1
DA:73,1
DA:75,0
DA:76,0
DA:77,0
DA:88,2
DA:91,2
DA:92,2
DA:94,4
DA:95,3
DA:97,2
DA:98,1
DA:99,1
DA:100,1
DA:101,1
DA:107,1
DA:108,4
DA:115,0
DA:116,0
DA:124,1
DA:126,1
DA:127,2
DA:128,1
DA:129,1
DA:130,3
DA:131,3
DA:132,1
DA:134,1
DA:138,1
DA:139,1
DA:143,1
DA:144,1
DA:148,1
DA:149,2
DA:150,1
DA:152,1
DA:153,1
DA:155,2
DA:159,1
DA:160,1
DA:162,2
DA:163,1
DA:175,1
DA:177,1
DA:178,2
DA:179,1
DA:180,1
DA:181,3
DA:182,3
DA:183,1
DA:185,1
DA:189,1
DA:190,1
DA:194,1
DA:195,1
DA:199,1
DA:200,2
DA:201,1
DA:203,1
DA:204,1
DA:206,2
DA:210,1
DA:211,1
DA:213,2
DA:214,1
DA:226,1
DA:227,1
DA:230,1
DA:231,1
DA:234,1
DA:235,2
DA:236,1
DA:238,1
DA:240,1
DA:241,1
DA:242,1
DA:243,2
DA:244,4
DA:250,3
DA:252,1
DA:253,1
DA:254,2
DA:255,2
DA:265,1
DA:266,1
DA:268,4
DA:271,1
DA:272,1
DA:273,3
DA:274,3
DA:275,1
DA:276,1
DA:277,1
DA:278,3
DA:279,3
DA:280,1
DA:282,3
DA:283,3
DA:285,1
DA:286,1
DA:290,1
DA:292,2
DA:293,1
DA:295,1
DA:299,3
DA:305,2
DA:309,1
DA:310,1
DA:312,1
DA:313,0
DA:314,0
DA:316,1
DA:321,4
DA:326,1
LF:146
LH:138
end_of_record
SF:lib\views\cart_screen.dart
DA:7,1
DA:9,1
DA:10,1
DA:17,1
DA:19,1
DA:20,3
DA:23,1
DA:25,3
DA:26,2
DA:27,1
DA:30,3
DA:32,1
DA:35,1
DA:36,1
DA:37,1
DA:39,1
DA:40,1
DA:41,1
DA:43,1
DA:45,1
DA:48,3
DA:50,1
DA:51,1
DA:52,1
DA:55,1
DA:56,0
DA:62,1
DA:63,1
DA:66,3
DA:67,0
DA:68,1
DA:69,3
DA:70,1
DA:71,2
DA:72,1
DA:74,1
DA:76,1
DA:77,1
DA:78,1
DA:80,1
DA:81,2
DA:83,1
DA:84,0
DA:85,0
DA:88,1
DA:89,0
DA:90,0
DA:97,1
DA:99,1
DA:100,4
DA:102,1
DA:103,3
DA:107,1
DA:109,1
DA:110,1
DA:111,1
DA:112,2
DA:113,2
DA:114,2
DA:116,0
DA:123,3
DA:124,1
DA:125,1
DA:126,2
DA:127,2
DA:135,1
DA:136,0
DA:150,1
DA:152,1
DA:153,1
DA:162,1
DA:164,1
DA:166,1
DA:167,1
DA:169,1
DA:172,1
DA:173,1
DA:175,1
DA:178,5
DA:182,1
DA:184,1
DA:185,1
DA:186,2
DA:187,3
DA:188,2
DA:189,2
DA:191,2
DA:192,3
DA:196,1
DA:210,1
LF:90
LH:82
end_of_record
SF:lib\views\authentication.dart
DA:6,1
DA:8,1
DA:9,1
DA:16,1
DA:18,1
DA:19,1
DA:20,1
DA:21,1
DA:23,1
DA:30,1
DA:32,1
DA:34,1
DA:35,1
DA:37,1
DA:41,1
DA:43,1
DA:48,1
DA:49,1
DA:53,1
DA:54,2
DA:61,1
DA:70,1
DA:72,1
DA:73,1
DA:81,1
DA:83,1
DA:84,1
DA:85,1
DA:86,1
DA:88,1
DA:95,1
DA:97,1
DA:99,1
DA:100,1
DA:102,1
DA:106,1
DA:108,1
DA:112,1
DA:114,1
DA:119,1
DA:120,1
DA:124,1
DA:125,2
DA:132,1
LF:44
LH:44
end_of_record
SF:lib\views\collections_screen.dart
DA:9,1
DA:11,1
DA:12,1
DA:18,1
DA:20,1
DA:21,1
DA:24,1
DA:25,3
DA:26,2
DA:27,2
DA:28,1
DA:29,3
DA:33,1
DA:34,1
DA:42,1
DA:44,1
DA:45,1
DA:46,1
DA:47,1
DA:49,1
DA:57,1
DA:59,1
DA:60,1
DA:63,1
DA:65,1
DA:67,1
DA:68,2
DA:69,1
DA:71,1
DA:73,1
DA:77,1
DA:78,1
DA:80,2
DA:81,1
DA:82,1
DA:92,1
DA:94,1
DA:96,1
DA:100,4
DA:103,1
DA:104,1
DA:105,1
DA:106,1
DA:107,1
DA:113,1
DA:114,0
DA:115,0
DA:117,1
DA:125,1
DA:137,1
DA:143,1
DA:145,1
DA:146,1
DA:147,5
DA:149,1
DA:150,1
DA:151,1
DA:152,1
DA:153,1
DA:154,1
DA:155,1
DA:156,1
DA:161,1
DA:168,1
DA:169,1
DA:170,1
DA:171,1
LF:67
LH:65
end_of_record
SF:lib\views\personalisation_about_screen.dart
DA:6,1
DA:8,1
DA:10,1
DA:11,1
DA:12,1
DA:13,1
DA:15,1
DA:24,1
DA:35,1
DA:36,2
DA:39,1
LF:11
LH:11
end_of_record
SF:lib\views\personalisation_screen.dart
DA:9,1
DA:11,1
DA:12,1
DA:22,2
DA:25,1
DA:27,1
DA:30,1
DA:32,2
DA:33,1
DA:35,1
DA:38,1
DA:39,1
DA:51,1
DA:52,7
DA:58,1
DA:59,3
DA:60,1
DA:62,2
DA:63,1
DA:65,1
DA:66,2
DA:67,1
DA:68,2
DA:69,2
DA:70,2
DA:81,1
DA:83,1
DA:84,1
DA:85,1
DA:87,1
DA:89,1
DA:90,1
DA:92,1
DA:94,1
DA:95,1
DA:98,1
DA:99,1
DA:100,1
DA:103,0
DA:104,0
DA:105,0
DA:125,1
DA:126,0
DA:129,1
DA:130,1
DA:133,1
DA:134,1
DA:138,1
DA:139,2
DA:140,1
DA:142,1
DA:143,1
DA:144,1
DA:148,1
DA:149,1
DA:151,2
DA:152,1
DA:162,1
DA:163,1
DA:166,1
DA:167,1
DA:170,1
DA:171,2
DA:172,1
DA:174,1
DA:176,1
DA:177,1
DA:178,0
DA:179,0
DA:180,0
DA:186,3
DA:188,1
DA:189,1
DA:190,2
DA:191,2
DA:203,1
DA:205,1
DA:208,1
DA:209,1
DA:210,1
DA:212,1
DA:213,1
DA:215,2
DA:216,1
DA:217,1
DA:221,3
DA:235,1
LF:87
LH:80
end_of_record
