SF:lib\models\cart_model.dart
DA:10,2
DA:18,8
DA:22,2
DA:24,6
DA:28,6
DA:30,2
DA:31,4
DA:32,2
DA:35,1
DA:36,2
DA:37,1
DA:40,2
DA:41,4
DA:42,2
DA:45,2
DA:47,4
DA:48,4
DA:53,6
LF:18
LH:18
end_of_record
SF:lib\views\about_screen.dart
DA:5,1
DA:7,1
DA:9,1
DA:10,1
DA:11,1
DA:12,1
DA:14,1
DA:23,1
DA:44,1
LF:9
LH:9
end_of_record
SF:lib\views\common_widgets.dart
DA:5,1
DA:7,1
DA:10,1
DA:11,1
DA:13,1
DA:24,1
DA:25,1
DA:27,1
DA:28,1
DA:29,1
DA:30,0
DA:31,0
DA:33,1
DA:37,1
DA:38,1
DA:39,1
DA:51,1
DA:52,0
DA:55,1
DA:56,0
DA:59,1
DA:60,0
DA:63,1
DA:64,0
DA:67,1
DA:68,0
DA:71,1
DA:73,1
DA:75,1
DA:76,1
DA:87,0
DA:89,1
DA:100,0
DA:102,1
DA:113,0
DA:115,1
DA:126,0
DA:141,5
DA:143,5
DA:145,5
DA:147,5
DA:149,5
DA:163,5
DA:165,5
DA:166,5
DA:168,5
DA:169,0
DA:170,5
DA:173,5
DA:176,10
DA:177,5
DA:187,5
DA:189,5
DA:190,5
DA:193,5
DA:195,0
DA:202,5
DA:205,5
DA:207,0
DA:214,5
DA:217,5
DA:219,0
DA:226,5
DA:229,5
DA:231,1
DA:232,1
DA:238,1
DA:239,1
DA:240,1
DA:242,1
DA:244,1
DA:245,1
DA:247,1
DA:251,1
DA:253,1
DA:255,0
DA:256,0
DA:257,0
DA:260,1
DA:262,0
DA:263,0
DA:264,0
DA:267,1
DA:269,0
DA:270,0
DA:271,0
DA:274,1
DA:276,0
DA:277,0
DA:278,0
DA:281,1
DA:283,0
DA:284,0
DA:285,0
DA:298,1
DA:300,1
DA:301,2
DA:302,1
DA:303,1
DA:321,5
DA:322,15
DA:323,5
DA:324,1
DA:326,5
DA:330,1
DA:331,0
DA:333,1
DA:336,1
DA:338,1
DA:339,1
DA:342,1
DA:366,2
DA:367,1
DA:369,1
DA:380,1
DA:390,1
DA:392,1
DA:393,1
DA:398,1
DA:416,4
DA:417,0
DA:419,4
DA:422,4
DA:423,4
DA:425,4
DA:426,4
DA:445,4
DA:453,4
DA:455,4
DA:457,4
DA:467,4
DA:469,4
DA:478,4
DA:480,4
DA:481,4
DA:486,4
DA:504,5
DA:505,15
DA:506,5
DA:507,1
DA:509,4
DA:518,0
DA:526,1
DA:528,1
DA:529,0
DA:530,0
DA:532,1
DA:534,1
DA:535,1
DA:536,1
DA:537,1
DA:539,1
DA:540,1
DA:541,1
DA:549,1
DA:551,1
DA:553,1
DA:554,1
DA:560,2
DA:561,2
DA:563,4
DA:564,3
DA:566,2
DA:567,1
DA:568,1
DA:569,1
DA:570,1
DA:576,1
DA:577,4
DA:584,1
DA:585,2
LF:171
LH:136
end_of_record
SF:lib\views\cart_screen.dart
DA:7,1
DA:9,1
DA:10,1
DA:17,1
DA:19,1
DA:20,3
DA:23,1
DA:25,3
DA:26,2
DA:27,1
DA:30,3
DA:32,1
DA:35,1
DA:36,1
DA:37,1
DA:39,1
DA:40,1
DA:41,1
DA:43,1
DA:45,1
DA:48,3
DA:50,1
DA:51,1
DA:52,1
DA:55,1
DA:56,0
DA:62,1
DA:63,1
DA:66,3
DA:67,0
DA:68,1
DA:69,3
DA:70,1
DA:71,2
DA:72,1
DA:74,1
DA:76,1
DA:77,1
DA:78,1
DA:80,1
DA:81,2
DA:83,1
DA:84,0
DA:85,0
DA:88,1
DA:89,0
DA:90,0
DA:97,1
DA:99,1
DA:100,4
DA:102,1
DA:103,3
DA:107,1
DA:109,1
DA:110,1
DA:111,1
DA:112,2
DA:113,2
DA:114,2
DA:116,0
DA:123,3
DA:124,1
DA:125,1
DA:126,2
DA:127,2
DA:135,1
DA:136,0
DA:150,1
DA:152,1
DA:153,1
DA:162,1
DA:164,1
DA:166,1
DA:167,1
DA:169,1
DA:172,1
DA:173,1
DA:175,1
DA:178,5
DA:182,1
DA:184,1
DA:185,1
DA:186,2
DA:187,3
DA:188,2
DA:189,2
DA:191,2
DA:192,3
DA:196,1
DA:210,1
LF:90
LH:82
end_of_record
SF:lib\views\authentication.dart
DA:6,1
DA:8,1
DA:9,1
DA:16,1
DA:18,1
DA:19,1
DA:20,1
DA:21,1
DA:23,1
DA:30,1
DA:32,1
DA:34,1
DA:35,1
DA:37,1
DA:41,1
DA:43,1
DA:48,1
DA:49,1
DA:53,1
DA:54,2
DA:61,1
DA:70,1
DA:72,1
DA:73,1
DA:81,1
DA:83,1
DA:84,1
DA:85,1
DA:86,1
DA:88,1
DA:95,1
DA:97,1
DA:99,1
DA:100,1
DA:102,1
DA:106,1
DA:108,1
DA:112,1
DA:114,1
DA:119,1
DA:120,1
DA:124,1
DA:125,2
DA:132,1
LF:44
LH:44
end_of_record
SF:lib\views\personalisation_about_screen.dart
DA:6,1
DA:8,1
DA:10,1
DA:11,1
DA:12,1
DA:13,1
DA:15,1
DA:24,1
DA:35,1
DA:36,2
DA:39,1
LF:11
LH:11
end_of_record
